<?xml version="1.0" encoding="UTF-8"?>
<!-- Generated by org.testng.reporters.JUnitReportReporter -->
<testsuite hostname="LD-DiptiRanjan" failures="0" tests="1" name="stepdefinations.TestRunner_TestNG" time="18.460" errors="0" timestamp="2023-07-19T14:11:46 IST" skipped="0">
  <testcase classname="stepdefinations.TestRunner_TestNG" name="runScenario" time="18.460"/>
  <system-out/>
</testsuite> <!-- stepdefinations.TestRunner_TestNG -->
